Determining if the pthread_create exist failed with the following output:
Change Dir: /home/zakiryne/Documents/Udacity/Udacity_SensorFusion/SFND_Lidar_Obstacle_Detection-master/src/quiz/ransac/build/CMakeFiles/CMakeTmp

Run Build Command:"/usr/bin/make" "cmTC_79eb4/fast"
/usr/bin/make -f CMakeFiles/cmTC_79eb4.dir/build.make CMakeFiles/cmTC_79eb4.dir/build
make[1]: Entering directory '/home/zakiryne/Documents/Udacity/Udacity_SensorFusion/SFND_Lidar_Obstacle_Detection-master/src/quiz/ransac/build/CMakeFiles/CMakeTmp'
Building C object CMakeFiles/cmTC_79eb4.dir/CheckSymbolExists.c.o
/usr/bin/cc     -o CMakeFiles/cmTC_79eb4.dir/CheckSymbolExists.c.o   -c /home/zakiryne/Documents/Udacity/Udacity_SensorFusion/SFND_Lidar_Obstacle_Detection-master/src/quiz/ransac/build/CMakeFiles/CMakeTmp/CheckSymbolExists.c
Linking C executable cmTC_79eb4
/usr/bin/cmake -E cmake_link_script CMakeFiles/cmTC_79eb4.dir/link.txt --verbose=1
/usr/bin/cc       CMakeFiles/cmTC_79eb4.dir/CheckSymbolExists.c.o  -o cmTC_79eb4 -rdynamic 
CMakeFiles/cmTC_79eb4.dir/CheckSymbolExists.c.o: In function `main':
CheckSymbolExists.c:(.text+0x16): undefined reference to `pthread_create'
collect2: error: ld returned 1 exit status
CMakeFiles/cmTC_79eb4.dir/build.make:97: recipe for target 'cmTC_79eb4' failed
make[1]: *** [cmTC_79eb4] Error 1
make[1]: Leaving directory '/home/zakiryne/Documents/Udacity/Udacity_SensorFusion/SFND_Lidar_Obstacle_Detection-master/src/quiz/ransac/build/CMakeFiles/CMakeTmp'
Makefile:126: recipe for target 'cmTC_79eb4/fast' failed
make: *** [cmTC_79eb4/fast] Error 2

File /home/zakiryne/Documents/Udacity/Udacity_SensorFusion/SFND_Lidar_Obstacle_Detection-master/src/quiz/ransac/build/CMakeFiles/CMakeTmp/CheckSymbolExists.c:
/* */
#include <pthread.h>

int main(int argc, char** argv)
{
  (void)argv;
#ifndef pthread_create
  return ((int*)(&pthread_create))[argc];
#else
  (void)argc;
  return 0;
#endif
}

Determining if the function pthread_create exists in the pthreads failed with the following output:
Change Dir: /home/zakiryne/Documents/Udacity/Udacity_SensorFusion/SFND_Lidar_Obstacle_Detection-master/src/quiz/ransac/build/CMakeFiles/CMakeTmp

Run Build Command:"/usr/bin/make" "cmTC_f666e/fast"
/usr/bin/make -f CMakeFiles/cmTC_f666e.dir/build.make CMakeFiles/cmTC_f666e.dir/build
make[1]: Entering directory '/home/zakiryne/Documents/Udacity/Udacity_SensorFusion/SFND_Lidar_Obstacle_Detection-master/src/quiz/ransac/build/CMakeFiles/CMakeTmp'
Building C object CMakeFiles/cmTC_f666e.dir/CheckFunctionExists.c.o
/usr/bin/cc    -DCHECK_FUNCTION_EXISTS=pthread_create   -o CMakeFiles/cmTC_f666e.dir/CheckFunctionExists.c.o   -c /usr/share/cmake-3.5/Modules/CheckFunctionExists.c
Linking C executable cmTC_f666e
/usr/bin/cmake -E cmake_link_script CMakeFiles/cmTC_f666e.dir/link.txt --verbose=1
/usr/bin/cc   -DCHECK_FUNCTION_EXISTS=pthread_create    CMakeFiles/cmTC_f666e.dir/CheckFunctionExists.c.o  -o cmTC_f666e -rdynamic -lpthreads 
/usr/bin/ld: cannot find -lpthreads
collect2: error: ld returned 1 exit status
CMakeFiles/cmTC_f666e.dir/build.make:97: recipe for target 'cmTC_f666e' failed
make[1]: *** [cmTC_f666e] Error 1
make[1]: Leaving directory '/home/zakiryne/Documents/Udacity/Udacity_SensorFusion/SFND_Lidar_Obstacle_Detection-master/src/quiz/ransac/build/CMakeFiles/CMakeTmp'
Makefile:126: recipe for target 'cmTC_f666e/fast' failed
make: *** [cmTC_f666e/fast] Error 2


